<?xml version="1.0" encoding="UTF-8"?>
<testng-results ignored="0" total="2" passed="2" failed="0" skipped="0">
  <reporter-output>
  </reporter-output>
  <suite started-at="2022-05-24T11:24:59 NPT" name="Default suite" finished-at="2022-05-24T11:26:02 NPT" duration-ms="62856">
    <groups>
    </groups>
    <test started-at="2022-05-24T11:24:59 NPT" name="Default test" finished-at="2022-05-24T11:26:02 NPT" duration-ms="62856">
      <class name="test.TestScript">
        <test-method is-config="true" signature="beforeMethod()[pri:0, instance:test.TestScript@38b972d7]" started-at="2022-05-24T11:24:59 NPT" name="beforeMethod" finished-at="2022-05-24T11:25:05 NPT" duration-ms="6287" status="PASS">
          <reporter-output>
          </reporter-output>
        </test-method> <!-- beforeMethod -->
        <test-method signature="excelReadTest()[pri:1, instance:test.TestScript@38b972d7]" started-at="2022-05-24T11:25:05 NPT" name="excelReadTest" finished-at="2022-05-24T11:25:06 NPT" duration-ms="661" status="PASS">
          <reporter-output>
          </reporter-output>
        </test-method> <!-- excelReadTest -->
        <test-method is-config="true" signature="afterMethod()[pri:0, instance:test.TestScript@38b972d7]" started-at="2022-05-24T11:25:06 NPT" name="afterMethod" finished-at="2022-05-24T11:25:09 NPT" duration-ms="3067" status="PASS">
          <reporter-output>
          </reporter-output>
        </test-method> <!-- afterMethod -->
        <test-method is-config="true" signature="beforeMethod()[pri:0, instance:test.TestScript@38b972d7]" started-at="2022-05-24T11:25:09 NPT" name="beforeMethod" finished-at="2022-05-24T11:25:11 NPT" duration-ms="1868" status="PASS">
          <reporter-output>
          </reporter-output>
        </test-method> <!-- beforeMethod -->
        <test-method signature="sendEmail()[pri:2, instance:test.TestScript@38b972d7]" started-at="2022-05-24T11:25:11 NPT" name="sendEmail" finished-at="2022-05-24T11:26:01 NPT" duration-ms="50392" status="PASS">
          <reporter-output>
          </reporter-output>
        </test-method> <!-- sendEmail -->
        <test-method is-config="true" signature="afterMethod()[pri:0, instance:test.TestScript@38b972d7]" started-at="2022-05-24T11:26:01 NPT" name="afterMethod" finished-at="2022-05-24T11:26:02 NPT" duration-ms="449" status="PASS">
          <reporter-output>
          </reporter-output>
        </test-method> <!-- afterMethod -->
      </class> <!-- test.TestScript -->
    </test> <!-- Default test -->
  </suite> <!-- Default suite -->
</testng-results>
